<?xml version="1.0" encoding="UTF-8"?>
<testng-results ignored="0" total="2" passed="2" failed="0" skipped="0">
  <reporter-output>
  </reporter-output>
  <suite started-at="2025-06-15T11:28:19 IST" name="Master Suite" finished-at="2025-06-15T11:28:42 IST" duration-ms="22192">
    <groups>
      <group name="Master">
        <method signature="TC001_AccountRegistrationTest.Verify_AccountRegistration()[pri:0, instance:oc.testcases.com.TC001_AccountRegistrationTest@294a6b8e]" name="Verify_AccountRegistration" class="oc.testcases.com.TC001_AccountRegistrationTest"/>
        <method signature="TC002_LoginTest.verify_login()[pri:0, instance:oc.testcases.com.TC002_LoginTest@6e950bcf]" name="verify_login" class="oc.testcases.com.TC002_LoginTest"/>
      </group> <!-- Master -->
      <group name="Sanity">
        <method signature="TC002_LoginTest.verify_login()[pri:0, instance:oc.testcases.com.TC002_LoginTest@6e950bcf]" name="verify_login" class="oc.testcases.com.TC002_LoginTest"/>
      </group> <!-- Sanity -->
      <group name="Regression">
        <method signature="TC001_AccountRegistrationTest.Verify_AccountRegistration()[pri:0, instance:oc.testcases.com.TC001_AccountRegistrationTest@294a6b8e]" name="Verify_AccountRegistration" class="oc.testcases.com.TC001_AccountRegistrationTest"/>
      </group> <!-- Regression -->
    </groups>
    <test started-at="2025-06-15T11:28:19 IST" name="Test" finished-at="2025-06-15T11:28:42 IST" duration-ms="22192">
      <class name="oc.testcases.com.TC002_LoginTest">
        <test-method is-config="true" signature="setup(java.lang.String,java.lang.String)[pri:0, instance:oc.testcases.com.TC002_LoginTest@6e950bcf]" started-at="2025-06-15T11:28:34 IST" name="setup" finished-at="2025-06-15T11:28:39 IST" duration-ms="5033" status="PASS">
          <params>
            <param index="0">
              <value>
                <![CDATA[Windows]]>
              </value>
            </param>
            <param index="1">
              <value>
                <![CDATA[Chrome]]>
              </value>
            </param>
          </params>
          <reporter-output>
          </reporter-output>
        </test-method> <!-- setup -->
        <test-method signature="verify_login()[pri:0, instance:oc.testcases.com.TC002_LoginTest@6e950bcf]" started-at="2025-06-15T11:28:39 IST" name="verify_login" finished-at="2025-06-15T11:28:41 IST" duration-ms="2252" status="PASS">
          <reporter-output>
          </reporter-output>
        </test-method> <!-- verify_login -->
        <test-method is-config="true" signature="teardown()[pri:0, instance:oc.testcases.com.TC002_LoginTest@6e950bcf]" started-at="2025-06-15T11:28:41 IST" name="teardown" finished-at="2025-06-15T11:28:42 IST" duration-ms="247" status="PASS">
          <reporter-output>
          </reporter-output>
        </test-method> <!-- teardown -->
      </class> <!-- oc.testcases.com.TC002_LoginTest -->
      <class name="oc.testcases.com.TC001_AccountRegistrationTest">
        <test-method is-config="true" signature="setup(java.lang.String,java.lang.String)[pri:0, instance:oc.testcases.com.TC001_AccountRegistrationTest@294a6b8e]" started-at="2025-06-15T11:28:20 IST" name="setup" finished-at="2025-06-15T11:28:31 IST" duration-ms="10725" status="PASS">
          <params>
            <param index="0">
              <value>
                <![CDATA[Windows]]>
              </value>
            </param>
            <param index="1">
              <value>
                <![CDATA[Chrome]]>
              </value>
            </param>
          </params>
          <reporter-output>
          </reporter-output>
        </test-method> <!-- setup -->
        <test-method signature="Verify_AccountRegistration()[pri:0, instance:oc.testcases.com.TC001_AccountRegistrationTest@294a6b8e]" started-at="2025-06-15T11:28:31 IST" name="Verify_AccountRegistration" finished-at="2025-06-15T11:28:34 IST" duration-ms="3103" status="PASS">
          <reporter-output>
          </reporter-output>
        </test-method> <!-- Verify_AccountRegistration -->
        <test-method is-config="true" signature="teardown()[pri:0, instance:oc.testcases.com.TC001_AccountRegistrationTest@294a6b8e]" started-at="2025-06-15T11:28:34 IST" name="teardown" finished-at="2025-06-15T11:28:34 IST" duration-ms="319" status="PASS">
          <reporter-output>
          </reporter-output>
        </test-method> <!-- teardown -->
      </class> <!-- oc.testcases.com.TC001_AccountRegistrationTest -->
    </test> <!-- Test -->
  </suite> <!-- Master Suite -->
</testng-results>
